<?xml version="1.0" encoding="UTF-8"?>
<!-- Generated by org.testng.reporters.JUnitReportReporter -->
<testsuite hostname="Ginas" failures="0" tests="3" name="com.AutomationDemo.demoProject.TestClass1" time="42.639" errors="0" timestamp="2020-11-30T13:49:18 PST" skipped="0">
  <testcase classname="com.AutomationDemo.demoProject.TestClass1" name="TestCase1" time="13.115"/>
  <system-out/>
  <testcase classname="com.AutomationDemo.demoProject.TestClass1" name="TestCase3" time="14.163"/>
  <system-out/>
  <testcase classname="com.AutomationDemo.demoProject.TestClass1" name="TestCase2" time="15.361"/>
  <system-out/>
</testsuite> <!-- com.AutomationDemo.demoProject.TestClass1 -->
