<?xml version="1.0" encoding="UTF-8"?>
<!-- Generated by org.testng.reporters.JUnitReportReporter -->
<testsuite hostname="Ginas" failures="0" tests="3" name="com.AutomationDemo.demoProject.TestClass1" time="84.629" errors="0" timestamp="2020-12-09T17:38:37 PST" skipped="0">
  <testcase classname="com.AutomationDemo.demoProject.TestClass1" name="TestCase2" time="18.934"/>
  <system-out/>
  <testcase classname="com.AutomationDemo.demoProject.TestClass1" name="TestCase1" time="31.434"/>
  <system-out/>
  <testcase classname="com.AutomationDemo.demoProject.TestClass1" name="TestCase3" time="34.261"/>
  <system-out/>
</testsuite> <!-- com.AutomationDemo.demoProject.TestClass1 -->
